[debug] [2022-09-12T16:52:57.624Z] ----------------------------------------------------------------------
[debug] [2022-09-12T16:52:57.625Z] Command:       /home/denys-koliban/.nvm/versions/node/v16.13.0/bin/node /home/denys-koliban/.nvm/versions/node/v16.13.0/bin/firebase init
[debug] [2022-09-12T16:52:57.626Z] CLI Version:   11.9.0
[debug] [2022-09-12T16:52:57.626Z] Platform:      linux
[debug] [2022-09-12T16:52:57.626Z] Node Version:  v16.13.0
[debug] [2022-09-12T16:52:57.626Z] Time:          Mon Sep 12 2022 18:52:57 GMT+0200 (Central European Summer Time)
[debug] [2022-09-12T16:52:57.626Z] ----------------------------------------------------------------------
[debug] 
[debug] [2022-09-12T16:52:57.630Z] > command requires scopes: ["email","openid","https://www.googleapis.com/auth/cloudplatformprojects.readonly","https://www.googleapis.com/auth/firebase","https://www.googleapis.com/auth/cloud-platform"]
[debug] [2022-09-12T16:52:57.631Z] > authorizing via signed-in user (deniskoliban@gmail.com)
[info] 
     ######## #### ########  ######## ########     ###     ######  ########
     ##        ##  ##     ## ##       ##     ##  ##   ##  ##       ##
     ######    ##  ########  ######   ########  #########  ######  ######
     ##        ##  ##    ##  ##       ##     ## ##     ##       ## ##
     ##       #### ##     ## ######## ########  ##     ##  ######  ########

You're about to initialize a Firebase project in this directory:

  /home/denys-koliban/WebstormProjects/React/react-20-routing

[info] 
=== Project Setup
[info] 
[info] First, let's associate this project directory with a Firebase project.
[info] You can create multiple project aliases by running firebase use --add, 
[info] but for now we'll just set up a default project.
[info] 
[debug] [2022-09-12T16:53:24.345Z] >>> [apiv2][query] GET https://firebase.googleapis.com/v1beta1/projects pageSize=100
[debug] [2022-09-12T16:53:25.029Z] <<< [apiv2][status] GET https://firebase.googleapis.com/v1beta1/projects 200
[debug] [2022-09-12T16:53:25.029Z] <<< [apiv2][body] GET https://firebase.googleapis.com/v1beta1/projects [omitted]
